Time: Fri Dec 05 14:51:09 2025
Activity: delete
Bank account: 4

Time: Fri Dec 05 14:59:11 2025
Activity: create
Bank account: 1015724

Time: Fri Dec 05 15:11:46 2025
Activity: delete
Bank account: 1000041

Time: Fri Dec 05 15:19:03 2025
Activity: delete
Bank account: 1019169

Time: Fri Dec 05 15:21:13 2025
Activity: create
Bank account: 1000041

Time: Fri Dec 05 15:24:13 2025
Activity: create
Bank account: 1019169

Time: Fri Dec 05 15:24:31 2025
Activity: delete
Bank account: 1000041

Time: Fri Dec 05 17:18:55 2025
Activity: deposit
Bank account: 1026500

Time: Fri Dec 05 17:19:18 2025
Activity: withdrawal
Bank account: 1026500

Time: Fri Dec 05 18:02:22 2025
Activity: create
Bank account: 1000041

Time: Fri Dec 05 18:02:52 2025
Activity: remittance
Bank account: 1026500

Time: Fri Dec 05 18:02:52 2025
Activity: remittance
Bank account: 1000041

Time: Sat Dec 06 01:53:56 2025
Activity: deposit
Bank account: 1026500
Amount involved:1000

Time: Sat Dec 06 01:56:55 2025
Activity: create
Bank account: 1015724
Amount involved:0

Time: Sat Dec 06 02:03:37 2025
Activity: create
Bank account: 1011478
Amount involved:0

Time: Sat Dec 06 02:05:32 2025
Activity: delete
Bank account: 1015724
Amount involved:0

Time: Sat Dec 06 02:05:57 2025
Activity: deposit
Bank account: 1019169
Amount involved:1000

Time: Sat Dec 06 02:15:37 2025
Activity: remittance
Bank account: 1019169
Amount involved:88.24

Time: Sat Dec 06 02:15:37 2025
Activity: remittance
Bank account: 1026500
Amount involved:90.00

Time: Sat Dec 06 02:18:30 2025
Activity: remittance
Bank account: 1026500
Amount involved:51.00

Time: Sat Dec 06 02:18:30 2025
Activity: remittance
Bank account: 1019169
Amount involved:50.00

Time: Sat Dec 06 02:19:45 2025
Activity: remittance
Bank account: 1026500
Amount involved:91.80

Time: Sat Dec 06 02:19:45 2025
Activity: remittance
Bank account: 1019169
Amount involved:90.00

Time: Sat Dec 06 02:38:58 2025
Activity: deposit
Bank account: 1000041
Amount involved:0.00

Time: Sat Dec 06 02:39:21 2025
Activity: deposit
Bank account: 1000041
Amount involved:100.00

Time: Sat Dec 06 02:41:47 2025
Activity: deposit
Bank account: 1000041
Amount involved:-2147483648.00

Time: Sat Dec 06 02:44:18 2025
Activity: deposit
Bank account: 1006334
Amount involved:0.00

Time: Sat Dec 06 02:46:04 2025
Activity: deposit
Bank account: 1006334
Amount involved:-2147483648.00

Time: Sat Dec 06 02:48:49 2025
Activity: deposit
Bank account: 1006334
Amount involved:0.00

Time: Sat Dec 06 02:52:47 2025
Activity: deposit
Bank account: 1006334
Amount involved:0.00

Time: Sat Dec 06 02:54:08 2025
Activity: deposit
Bank account: 1011478
Amount involved:-2147483648.00

Time: Sat Dec 06 02:55:57 2025
Activity: deposit
Bank account: 1011478
Amount involved:0.00

Time: Sat Dec 06 02:57:20 2025
Activity: deposit
Bank account: 1011478
Amount involved:-2147483648.00

Time: Sat Dec 06 03:06:22 2025
Activity: deposit
Bank account: 1011478
Amount involved:0.00

Time: Sat Dec 06 03:08:51 2025
Activity: deposit
Bank account: 1011478
Amount involved:0.00

Time: Sat Dec 06 03:10:43 2025
Activity: deposit
Bank account: 1011478
Amount involved:-2147483648.00

Time: Sat Dec 06 03:12:43 2025
Activity: deposit
Bank account: 1011478
Amount involved:100.00

Time: Sat Dec 06 13:03:36 2025
Activity: deposit
Bank account: 1011478
Amount involved:10.00

Time: Sat Dec 06 13:04:43 2025
Activity: deposit
Bank account: 1011478
Amount involved:100.00

Time: Sat Dec 06 13:06:53 2025
Activity: withdrawal
Bank account: 1011478
Amount involved:100.00

Time: Sat Dec 06 13:15:01 2025
Activity: remittance
Bank account: 1011478
Amount involved:30.60

Time: Sat Dec 06 13:15:01 2025
Activity: remittance
Bank account: 1018467
Amount involved:30.00

Time: Sat Dec 06 13:38:36 2025
Activity: deposit
Bank account: 1011478
Amount involved:100.00

Time: Sat Dec 06 13:38:52 2025
Activity: deposit
Bank account: 1011478
Amount involved:79.00

Time: Sat Dec 06 13:39:24 2025
Activity: withdrawal
Bank account: 1011478
Amount involved:59.00

Time: Sat Dec 06 13:51:57 2025
Activity: create
Bank account: 1015724
Amount involved:0.00

Time: Sat Dec 06 14:07:28 2025
Activity: delete
Bank account: 1015724
Amount involved:0.00

Time: Sat Dec 06 14:40:04 2025
Activity: deposit
Bank account: 1011478
Amount involved:100.00

Time: Sat Dec 06 14:51:50 2025
Activity: withdrawal
Bank account: 1011478
Amount involved:100.00

Time: Sat Dec 06 15:06:36 2025
Activity: remittance
Bank account: 1011478
Amount involved:51.00

Time: Sat Dec 06 15:06:36 2025
Activity: remittance
Bank account: 1018467
Amount involved:50.00

Time: Sat Dec 06 17:08:37 2025
Activity: deposit
Bank account: 1011478
Amount involved:100.00

Time: Sat Dec 06 17:17:54 2025
Activity: remittance
Bank account: 1011478
Amount involved:49.98

Time: Sat Dec 06 17:17:54 2025
Activity: remittance
Bank account: 1018467
Amount involved:49.00

Time: Sat Dec 06 17:19:37 2025
Activity: remittance
Bank account: 1011478
Amount involved:100.98

Time: Sat Dec 06 17:19:37 2025
Activity: remittance
Bank account: 1018467
Amount involved:99.00

Time: Sat Dec 06 17:20:49 2025
Activity: remittance
Bank account: 1011478
Amount involved:8.16

Time: Sat Dec 06 17:20:49 2025
Activity: remittance
Bank account: 1018467
Amount involved:8.00

Time: Sat Dec 06 17:39:31 2025
Activity: remittance
Bank account: 1011478
Amount involved:10.20

Time: Sat Dec 06 17:39:31 2025
Activity: remittance
Bank account: 1018467
Amount involved:10.00

Time: Sat Dec 06 17:40:28 2025
Activity: remittance
Bank account: 1011478
Amount involved:10.20

Time: Sat Dec 06 17:40:28 2025
Activity: remittance
Bank account: 1018467
Amount involved:10.00

Time: Sat Dec 06 17:44:42 2025
Activity: remittance
Bank account: 1011478
Amount involved:9.18

Time: Sat Dec 06 17:44:42 2025
Activity: remittance
Bank account: 1018467
Amount involved:9.00

Time: Sat Dec 06 20:32:05 2025
Activity: delete
Bank account: 1026500
Amount involved:0.00

Time: Sat Dec 06 20:32:40 2025
Activity: create
Bank account: 1000041
Amount involved:0.00

Time: Sat Dec 06 20:33:31 2025
Activity: delete
Bank account: 1000041
Amount involved:0.00

Time: Sat Dec 06 21:16:37 2025
Activity: create
Bank account: 1000041
Amount involved:0.00

Time: Sat Dec 06 21:16:49 2025
Activity: deposit
Bank account: 1000041
Amount involved:900.00

Time: Sat Dec 06 21:17:51 2025
Activity: remittance
Bank account: 1000041
Amount involved:306.00

Time: Sat Dec 06 21:17:51 2025
Activity: remittance
Bank account: 1011478
Amount involved:300.00

Time: Sun Dec 07 18:48:29 2025
Activity: create
Bank account: 1006334
Amount involved:0.00

Time: Sun Dec 07 19:55:55 2025
Activity: create
Bank account: 1026500
Amount involved:0.00

Time: Sun Dec 07 19:56:23 2025
Activity: delete
Bank account: 1006334
Amount involved:0.00

Time: Sun Dec 07 20:10:33 2025
Activity: deposit
Bank account: 1026500
Amount involved:123.30

Time: Sun Dec 07 20:15:31 2025
Activity: withdrawal
Bank account: 1026500
Amount involved:3.30

Time: Sun Dec 07 20:16:06 2025
Activity: remittance
Bank account: 1026500
Amount involved:9.71

Time: Sun Dec 07 20:16:06 2025
Activity: remittance
Bank account: 1019169
Amount involved:10.00

Time: Sun Dec 07 20:32:32 2025
Activity: deposit
Bank account: 1026500
Amount involved: RM100.30

Time: Sun Dec 07 20:32:45 2025
Activity: withdrawal
Bank account: 1026500
Amount involved: RM10.00

Time: Sun Dec 07 20:33:41 2025
Activity: remittance
Bank account: 1026500
Amount involved: RM9.71

Time: Sun Dec 07 20:33:41 2025
Activity: remittance
Bank account: 1011478
Amount involved: RM10.00

Time: Sun Dec 07 20:36:13 2025
Activity: remittance
Bank account: 1026500
Amount involved: RM9.70

Time: Sun Dec 07 20:36:13 2025
Activity: remittance
Bank account: 1011478
Amount involved: RM9.70

Time: Sun Dec 07 20:38:19 2025
Activity: remittance
Bank account: 1026500
Amount involved: RM9.71

Time: Sun Dec 07 20:38:19 2025
Activity: remittance
Bank account: 1011478
Amount involved: RM9.71

Time: Sun Dec 07 20:41:06 2025
Activity: remittance
Bank account: 1026500
Amount involved: RM9.71

Time: Sun Dec 07 20:41:06 2025
Activity: remittance
Bank account: 1011478
Amount involved: RM9.71

Time: Sun Dec 07 20:43:06 2025
Activity: remittance
Bank account: 1026500
Amount involved: RM9.71

Time: Sun Dec 07 20:43:06 2025
Activity: remittance
Bank account: 1011478
Amount involved: RM9.71

Time: Sun Dec 07 20:44:33 2025
Activity: remittance
Bank account: 1026500
Amount involved: RM10.00

Time: Sun Dec 07 20:44:33 2025
Activity: remittance
Bank account: 1011478
Amount involved: RM9.71

Time: Mon Dec 08 10:17:39 2025
Activity: remittance
Bank account: 1000041
Amount involved: RM608.73

Time: Mon Dec 08 10:17:39 2025
Activity: remittance
Bank account: 1011478
Amount involved: RM591.00

Time: Mon Dec 08 10:20:46 2025
Activity: remittance
Bank account: 1011478
Amount involved: RM9.90

Time: Mon Dec 08 10:20:46 2025
Activity: remittance
Bank account: 1000041
Amount involved: RM9.71

Time: Mon Dec 08 11:35:52 2025
Activity: create
Bank account: 1006334
Amount involved: RM0.00

